<?xml version="1.0" encoding="UTF-8"?>
<!-- Generated by org.testng.reporters.JUnitXMLReporter -->
<testsuite ignored="0" hostname="DESKTOP-3SNRJKF" failures="0" tests="1" name="Test" time="0.148" errors="0" timestamp="2022-05-20T13:48:36 IST">
  <testcase classname="BaseTest" name="@BeforeTest beforeTest" time="0.078">
    <failure type="java.lang.IllegalStateException" message="The driver executable must exist: C:\Users\Dank\eclipse-workspace\Tinder\driver\chromedriver_101">
      <![CDATA[java.lang.IllegalStateException: The driver executable must exist: C:\Users\Dank\eclipse-workspace\Tinder\driver\chromedriver_101
at org.openqa.selenium.internal.Require$FileStateChecker.isFile(Require.java:342)
at org.openqa.selenium.remote.service.DriverService.checkExecutable(DriverService.java:147)
at org.openqa.selenium.remote.service.DriverService.findExecutable(DriverService.java:142)
at org.openqa.selenium.chrome.ChromeDriverService.access$000(ChromeDriverService.java:38)
at org.openqa.selenium.chrome.ChromeDriverService$Builder.findDefaultExecutable(ChromeDriverService.java:231)
at org.openqa.selenium.remote.service.DriverService$Builder.build(DriverService.java:437)
at org.openqa.selenium.chrome.ChromeDriverService.createDefaultService(ChromeDriverService.java:127)
at org.openqa.selenium.chrome.ChromeDriver.<init>(ChromeDriver.java:48)
at BaseTest.setupDriver(BaseTest.java:47)
at BaseTest.beforeTest(BaseTest.java:18)
... Removed 22 stack frames]]>
    </failure>
  </testcase> <!-- @BeforeTest beforeTest -->
  <testcase classname="BaseTest" name="@BeforeMethod beforeMethod" time="0.0">
    <skipped/>
  </testcase> <!-- @BeforeMethod beforeMethod -->
  <testcase classname="BaseTest" name="@AfterMethod afterMethod" time="0.0">
    <skipped/>
  </testcase> <!-- @AfterMethod afterMethod -->
  <testcase classname="BaseTest" name="@AfterTest afterTest" time="0.0">
    <skipped/>
  </testcase> <!-- @AfterTest afterTest -->
  <testcase classname="BaseTest" name="testmethod" time="0.0">
    <skipped/>
  </testcase> <!-- testmethod -->
</testsuite> <!-- Test -->
